[2026-04-15T20:33:35.899+0200] [] [[1;93mWARNING[0m] [] [[1;94mPayaraMicro[0m] [tid: _ThreadID=1 _ThreadName=main] [timeMillis: 1776278015899] [levelValue: 900] Payara Micro Runtime directory is located in a temporary file location which can be cleaned by system processes.

[2026-04-15T20:33:35.942+0200] [] [[1;92mINFO[0m] [] [[1;94mPayaraMicro[0m] [tid: _ThreadID=1 _ThreadName=main] [timeMillis: 1776278015942] [levelValue: 800] Payara Micro Runtime directory is located at C:\Users\User\AppData\Local\Temp\payaramicro-rt2015412623580684626tmp

[2026-04-15T20:33:35.952+0200] [] [[1;92mINFO[0m] [] [[1;94mfish.payara.micro.boot.runtime.PayaraMicroRuntimeBuilder[0m] [tid: _ThreadID=1 _ThreadName=main] [timeMillis: 1776278015952] [levelValue: 800] Built Payara Micro Runtime

[2026-04-15T20:33:37.226+0200] [] [[1;92mINFO[0m] [] [[1;94mfish.payara.boot.runtime.BootCommand[0m] [tid: _ThreadID=1 _ThreadName=main] [timeMillis: 1776278017226] [levelValue: 800] Boot Command set returned with result SUCCESS : PlainTextActionReporterSUCCESSDescription: set AdminCommandnull
    configs.config.server-config.hazelcast-config-specific-configuration.clustering-enabled=false


[2026-04-15T20:33:38.000+0200] [] [[1;92mINFO[0m] [] [[1;94morg.glassfish.ha.store.spi.BackingStoreFactoryRegistry[0m] [tid: _ThreadID=38 _ThreadName=RunLevelControllerThread-1776278017232] [timeMillis: 1776278018000] [levelValue: 800] Registered fish.payara.ha.hazelcast.store.HazelcastBackingStoreFactoryProxy for persistence-type = hazelcast in BackingStoreFactoryRegistry

[2026-04-15T20:33:38.326+0200] [] [[1;93mWARNING[0m] [] [[1;94mcom.hazelcast.instance.AddressPicker[0m] [tid: _ThreadID=39 _ThreadName=RunLevelControllerThread-1776278017235] [timeMillis: 1776278018326] [levelValue: 900] [LOCAL] [development] [5.3.8-payara-1] Ignoring TCP_KEEPCOUNT. It seems your JDK does not support jdk.net.ExtendedSocketOptions on this OS. Try upgrading to the latest JDK or check with your JDK vendor.Alternatively, on Linux, configure tcp_keepalive_probes in the kernel (affecting default keep-alive configuration for all sockets): For more info see https://tldp.org/HOWTO/html_single/TCP-Keepalive-HOWTO/. If this isn't dealt with, idle connections could be closed prematurely.

[2026-04-15T20:33:38.326+0200] [] [[1;93mWARNING[0m] [] [[1;94mcom.hazelcast.instance.AddressPicker[0m] [tid: _ThreadID=39 _ThreadName=RunLevelControllerThread-1776278017235] [timeMillis: 1776278018326] [levelValue: 900] [LOCAL] [development] [5.3.8-payara-1] Ignoring TCP_KEEPIDLE. It seems your JDK does not support jdk.net.ExtendedSocketOptions on this OS. Try upgrading to the latest JDK or check with your JDK vendor.Alternatively, on Linux, configure tcp_keepalive_time in the kernel (affecting default keep-alive configuration for all sockets): For more info see https://tldp.org/HOWTO/html_single/TCP-Keepalive-HOWTO/. If this isn't dealt with, idle connections could be closed prematurely.

[2026-04-15T20:33:38.327+0200] [] [[1;93mWARNING[0m] [] [[1;94mcom.hazelcast.instance.AddressPicker[0m] [tid: _ThreadID=39 _ThreadName=RunLevelControllerThread-1776278017235] [timeMillis: 1776278018327] [levelValue: 900] [LOCAL] [development] [5.3.8-payara-1] Ignoring TCP_KEEPINTERVAL. It seems your JDK does not support jdk.net.ExtendedSocketOptions on this OS. Try upgrading to the latest JDK or check with your JDK vendor.Alternatively, on Linux, configure tcp_keepalive_intvl in the kernel (affecting default keep-alive configuration for all sockets): For more info see https://tldp.org/HOWTO/html_single/TCP-Keepalive-HOWTO/. If this isn't dealt with, idle connections could be closed prematurely.

[2026-04-15T20:33:42.447+0200] [] [[1;92mINFO[0m] [] [[1;94mfish.payara.nucleus.hazelcast.HazelcastCore[0m] [tid: _ThreadID=39 _ThreadName=RunLevelControllerThread-1776278017235] [timeMillis: 1776278022447] [levelValue: 800] Hazelcast Instance Bound to JNDI at payara/Hazelcast

[2026-04-15T20:33:42.447+0200] [] [[1;92mINFO[0m] [] [[1;94mfish.payara.nucleus.hazelcast.HazelcastCore[0m] [tid: _ThreadID=39 _ThreadName=RunLevelControllerThread-1776278017235] [timeMillis: 1776278022447] [levelValue: 800] JSR107 Caching Provider Bound to JNDI at payara/CachingProvider

[2026-04-15T20:33:42.448+0200] [] [[1;92mINFO[0m] [] [[1;94mfish.payara.nucleus.hazelcast.HazelcastCore[0m] [tid: _ThreadID=39 _ThreadName=RunLevelControllerThread-1776278017235] [timeMillis: 1776278022448] [levelValue: 800] JSR107 Default Cache Manager Bound to JNDI at payara/CacheManager

[2026-04-15T20:33:42.604+0200] [] [[1;92mINFO[0m] [NCLS-CORE-00101] [[1;94mjavax.enterprise.system.core[0m] [tid: _ThreadID=39 _ThreadName=RunLevelControllerThread-1776278017235] [timeMillis: 1776278022604] [levelValue: 800] Network Listener http-listener started in: 6ms - bound to [/0.0.0.0:8080]

[2026-04-15T20:33:42.604+0200] [] [[1;92mINFO[0m] [NCLS-CORE-00058] [[1;94mjavax.enterprise.system.core[0m] [tid: _ThreadID=39 _ThreadName=RunLevelControllerThread-1776278017235] [timeMillis: 1776278022604] [levelValue: 800] Network listener https-listener on port 8443 disabled per domain.xml

[2026-04-15T20:33:42.605+0200] [] [[1;92mINFO[0m] [NCLS-CORE-00087] [[1;94mjavax.enterprise.system.core[0m] [tid: _ThreadID=39 _ThreadName=RunLevelControllerThread-1776278017235] [timeMillis: 1776278022605] [levelValue: 800] Grizzly 4.1.0 started in: 4?888ms - bound to [http-listener:8080]

[2026-04-15T20:33:42.626+0200] [] [[1;92mINFO[0m] [] [[1;94mio.opentelemetry.api.GlobalOpenTelemetry[0m] [tid: _ThreadID=38 _ThreadName=RunLevelControllerThread-1776278017232] [timeMillis: 1776278022626] [levelValue: 800] AutoConfiguredOpenTelemetrySdk found on classpath but automatic configuration is disabled. To enable, run your JVM with -Dotel.java.global-autoconfigure.enabled=true

[2026-04-15T20:33:42.666+0200] [] [[1;92mINFO[0m] [] [[1;94mfish.payara.nucleus.cluster.PayaraCluster[0m] [tid: _ThreadID=105 _ThreadName=Executor-Service-6] [timeMillis: 1776278022666] [levelValue: 800] [[
  Data Grid Status 
Payara Data Grid State: DG Version: 5 DG Name: development DG Size: 1
Instances: {
 DataGrid: development Name: Clumsy-Sablefish Lite: false This: true UUID: 73997040-5c04-44e2-a040-6355160b3be6 Address: /192.168.248.1:6900
}]]

[2026-04-15T20:33:42.666+0200] [] [[1;92mINFO[0m] [NCLS-CORE-00017] [[1;94mjavax.enterprise.system.core[0m] [tid: _ThreadID=1 _ThreadName=main] [timeMillis: 1776278022666] [levelValue: 800] Payara Micro 7.2026.3 (5) startup time : Embedded (1?272ms), startup services(5?439ms), total(6?711ms)

[2026-04-15T20:33:42.757+0200] [] [[1;92mINFO[0m] [NCLS-JMX-00006] [[1;94mjavax.enterprise.system.jmx[0m] [tid: _ThreadID=112 _ThreadName=Thread-6] [timeMillis: 1776278022757] [levelValue: 800] JMXStartupService has disabled JMXConnector system

[2026-04-15T20:33:44.986+0200] [] [[1;93mWARNING[0m] [NCLS-SECURITY-01149] [[1;94mjavax.enterprise.system.core.security[0m] [tid: _ThreadID=1 _ThreadName=main] [timeMillis: 1776278024986] [levelValue: 900] Policy provider configuration overridden by property jakarta.security.jacc.policy.provider with value null.

[2026-04-15T20:33:44.986+0200] [] [[1;93mWARNING[0m] [NCLS-SECURITY-01145] [[1;94mjavax.enterprise.system.core.security[0m] [tid: _ThreadID=1 _ThreadName=main] [timeMillis: 1776278024986] [levelValue: 900] No policy provider defined. Will use the default JDK Policy implementation.

[2026-04-15T20:33:44.988+0200] [] [[1;92mINFO[0m] [NCLS-SECURITY-01002] [[1;94mjavax.enterprise.system.core.security[0m] [tid: _ThreadID=1 _ThreadName=main] [timeMillis: 1776278024988] [levelValue: 800] Java security manager is disabled.

[2026-04-15T20:33:44.989+0200] [] [[1;92mINFO[0m] [NCLS-SECURITY-01010] [[1;94mjavax.enterprise.system.core.security[0m] [tid: _ThreadID=1 _ThreadName=main] [timeMillis: 1776278024989] [levelValue: 800] Entering Security Startup Service.

[2026-04-15T20:33:45.008+0200] [] [[1;92mINFO[0m] [NCLS-SECURITY-01011] [[1;94mjavax.enterprise.system.core.security[0m] [tid: _ThreadID=1 _ThreadName=main] [timeMillis: 1776278025008] [levelValue: 800] Security Service(s) started successfully.

[2026-04-15T20:33:45.258+0200] [] [[1;92mINFO[0m] [AS-WEB-GLUE-00198] [[1;94mjakarta.enterprise.web[0m] [tid: _ThreadID=1 _ThreadName=main] [timeMillis: 1776278025258] [levelValue: 800] Created HTTP listener http-listener on host/port 0.0.0.0:8080

[2026-04-15T20:33:45.284+0200] [] [[1;92mINFO[0m] [AS-WEB-GLUE-00200] [[1;94mjakarta.enterprise.web[0m] [tid: _ThreadID=1 _ThreadName=main] [timeMillis: 1776278025284] [levelValue: 800] Created virtual server server

[2026-04-15T20:33:45.503+0200] [] [[1;92mINFO[0m] [AS-WEB-GLUE-00201] [[1;94mjakarta.enterprise.web[0m] [tid: _ThreadID=1 _ThreadName=main] [timeMillis: 1776278025503] [levelValue: 800] Virtual server server loaded default web module 

[2026-04-15T20:33:46.854+0200] [] [[1;92mINFO[0m] [] [[1;94morg.hibernate.jpa.internal.util.LogHelper[0m] [tid: _ThreadID=1 _ThreadName=main] [timeMillis: 1776278026854] [levelValue: 800] HHH000204: Processing PersistenceUnitInfo [name: claimsPU]

[2026-04-15T20:33:47.157+0200] [] [[1;92mINFO[0m] [] [[1;94morg.hibernate.Version[0m] [tid: _ThreadID=1 _ThreadName=main] [timeMillis: 1776278027157] [levelValue: 800] HHH000412: Hibernate ORM core version 6.4.4.Final

[2026-04-15T20:33:47.298+0200] [] [[1;92mINFO[0m] [] [[1;94morg.hibernate.cache.internal.RegionFactoryInitiator[0m] [tid: _ThreadID=1 _ThreadName=main] [timeMillis: 1776278027298] [levelValue: 800] HHH000026: Second-level cache disabled

[2026-04-15T20:33:48.557+0200] [] [[1;91mSEVERE[0m] [] [[1;94mjavax.enterprise.system.core[0m] [tid: _ThreadID=1 _ThreadName=main] [timeMillis: 1776278028557] [levelValue: 1000] Exception while preparing the app

[2026-04-15T20:33:48.558+0200] [] [[1;91mSEVERE[0m] [NCLS-CORE-00026] [[1;94mjavax.enterprise.system.core[0m] [tid: _ThreadID=1 _ThreadName=main] [timeMillis: 1776278028558] [levelValue: 1000] [[
  Exception during lifecycle processing
java.lang.ClassCircularityError: org/hibernate/jpa/internal/enhance/EnhancingClassTransformerImpl$Entry
	at org.hibernate.jpa.internal.enhance.EnhancingClassTransformerImpl.getEnhancer(EnhancingClassTransformerImpl.java:71)
	at org.hibernate.jpa.internal.enhance.EnhancingClassTransformerImpl.transform(EnhancingClassTransformerImpl.java:49)
	at org.glassfish.persistence.jpa.ServerProviderContainerContractInfo$1.transform(ServerProviderContainerContractInfo.java:101)
	at org.glassfish.web.loader.WebappClassLoader$4.preprocess(WebappClassLoader.java:3428)
	at org.glassfish.web.loader.WebappClassLoader.defineLoadedClass(WebappClassLoader.java:3520)
	at org.glassfish.web.loader.WebappClassLoader.findClass(WebappClassLoader.java:1262)
	at org.glassfish.web.loader.WebappClassLoader.loadClass(WebappClassLoader.java:1834)
	at org.glassfish.web.loader.WebappClassLoader.loadClass(WebappClassLoader.java:1712)
	at org.hibernate.boot.model.process.spi.MetadataBuildingProcess.complete(MetadataBuildingProcess.java:170)
	at org.hibernate.jpa.boot.internal.EntityManagerFactoryBuilderImpl.metadata(EntityManagerFactoryBuilderImpl.java:1432)
	at org.hibernate.jpa.boot.internal.EntityManagerFactoryBuilderImpl.build(EntityManagerFactoryBuilderImpl.java:1503)
	at org.hibernate.jpa.HibernatePersistenceProvider.createContainerEntityManagerFactory(HibernatePersistenceProvider.java:142)
	at org.glassfish.persistence.jpa.PersistenceUnitLoader.loadPU(PersistenceUnitLoader.java:207)
	at org.glassfish.persistence.jpa.PersistenceUnitLoader.<init>(PersistenceUnitLoader.java:114)
	at org.glassfish.persistence.jpa.JPADeployer.loadPersistenceUnit(JPADeployer.java:268)
	at org.glassfish.persistence.jpa.JPADeployer.createEMFs(JPADeployer.java:208)
	at org.glassfish.persistence.jpa.JPADeployer.prepare(JPADeployer.java:190)
	at com.sun.enterprise.v3.server.ApplicationLifecycle.prepareModule(ApplicationLifecycle.java:1190)
	at com.sun.enterprise.v3.server.ApplicationLifecycle.prepare(ApplicationLifecycle.java:501)
	at org.glassfish.deployment.admin.DeployCommand.execute(DeployCommand.java:569)
	at com.sun.enterprise.v3.admin.CommandRunnerImpl$2$1.run(CommandRunnerImpl.java:558)
	at com.sun.enterprise.v3.admin.CommandRunnerImpl$2$1.run(CommandRunnerImpl.java:554)
	at java.base/java.security.AccessController.doPrivileged(AccessController.java:400)
	at java.base/javax.security.auth.Subject.doAs(Subject.java:453)
	at com.sun.enterprise.v3.admin.CommandRunnerImpl$2.execute(CommandRunnerImpl.java:553)
	at com.sun.enterprise.v3.admin.CommandRunnerImpl$3.run(CommandRunnerImpl.java:584)
	at com.sun.enterprise.v3.admin.CommandRunnerImpl$3.run(CommandRunnerImpl.java:576)
	at java.base/java.security.AccessController.doPrivileged(AccessController.java:400)
	at java.base/javax.security.auth.Subject.doAs(Subject.java:453)
	at com.sun.enterprise.v3.admin.CommandRunnerImpl.doCommand(CommandRunnerImpl.java:575)
	at com.sun.enterprise.v3.admin.CommandRunnerImpl.doCommand(CommandRunnerImpl.java:1499)
	at com.sun.enterprise.v3.admin.CommandRunnerImpl$ExecutionContext.execute(CommandRunnerImpl.java:1881)
	at com.sun.enterprise.v3.admin.CommandRunnerImpl$ExecutionContext.execute(CommandRunnerImpl.java:1757)
	at com.sun.enterprise.admin.cli.embeddable.DeployerImpl.deploy(DeployerImpl.java:131)
	at com.sun.enterprise.admin.cli.embeddable.DeployerImpl.deploy(DeployerImpl.java:104)
	at fish.payara.micro.impl.PayaraMicroImpl.deployAll(PayaraMicroImpl.java:1748)
	at fish.payara.micro.impl.PayaraMicroImpl.bootStrap(PayaraMicroImpl.java:1094)
	at fish.payara.micro.impl.PayaraMicroImpl.create(PayaraMicroImpl.java:238)
	at fish.payara.micro.impl.PayaraMicroImpl.main(PayaraMicroImpl.java:225)
	at java.base/jdk.internal.reflect.DirectMethodHandleAccessor.invoke(DirectMethodHandleAccessor.java:103)
	at java.base/java.lang.reflect.Method.invoke(Method.java:580)
	at fish.payara.micro.boot.loader.MainMethodRunner.run(MainMethodRunner.java:50)
	at fish.payara.micro.boot.loader.Launcher.launch(Launcher.java:114)
	at fish.payara.micro.boot.loader.Launcher.launch(Launcher.java:73)
	at fish.payara.micro.boot.PayaraMicroLauncher.create(PayaraMicroLauncher.java:88)
	at fish.payara.micro.boot.PayaraMicroLauncher.main(PayaraMicroLauncher.java:72)
	at fish.payara.micro.PayaraMicro.main(PayaraMicro.java:467)
]]

[2026-04-15T20:33:48.576+0200] [] [[1;93mWARNING[0m] [] [[1;94mjakarta.enterprise.web.util[0m] [tid: _ThreadID=1 _ThreadName=main] [timeMillis: 1776278028576] [levelValue: 900] The web application [unknown] registered the JDBC driver [org.postgresql.Driver] but failed to unregister it when the web application was stopped. To prevent a memory leak, the JDBC Driver has been forcibly unregistered.

[2026-04-15T20:33:48.607+0200] [] [[1;91mSEVERE[0m] [] [[1;94mjavax.enterprise.system.core[0m] [tid: _ThreadID=1 _ThreadName=main] [timeMillis: 1776278028607] [levelValue: 1000] Exception while preparing the app : org/hibernate/jpa/internal/enhance/EnhancingClassTransformerImpl$Entry

[2026-04-15T20:34:28.934+0200] [] [[1;92mINFO[0m] [] [[1;94mPayaraMicro[0m] [tid: _ThreadID=1 _ThreadName=main] [timeMillis: 1776278068934] [levelValue: 800] Deployed 1 archive(s)

[2026-04-15T20:34:28.968+0200] [] [[1;92mINFO[0m] [] [[1;94mPayaraMicro[0m] [tid: _ThreadID=1 _ThreadName=main] [timeMillis: 1776278068968] [levelValue: 800] {
    "Instance Configuration": {
        "Host": "LAPTOP-3R5R3TIG",
        "Http Port(s)": "8080",
        "Https Port(s)": "",
        "Instance Name": "Clumsy-Sablefish",
        "Instance Group": "MicroShoal",
        "Hazelcast Member UUID": "73997040-5c04-44e2-a040-6355160b3be6",
        "Deployed": [
        ]
    }
}

[2026-04-15T20:34:28.973+0200] [] [[1;92mINFO[0m] [] [[1;94mPayaraMicro[0m] [tid: _ThreadID=1 _ThreadName=main] [timeMillis: 1776278068973] [levelValue: 800] 
Payara Micro URLs:



[2026-04-15T20:34:28.973+0200] [] [[1;92mINFO[0m] [] [[1;94mPayaraMicro[0m] [tid: _ThreadID=1 _ThreadName=main] [timeMillis: 1776278068973] [levelValue: 800] Payara Micro 7.2026.3 (build 5) ready in 53?160 (ms)

JdbcRuntimeExtension,  getAllSystemRAResourcesAndPools = [GlassFishConfigBean.org.glassfish.jdbc.config.JdbcResource, GlassFishConfigBean.org.glassfish.jdbc.config.JdbcConnectionPool]
